0 info it worked if it ends with ok
1 verbose cli [ '/usr/bin/nodejs', '/usr/bin/npm', 'publish', '--tag=latest' ]
2 info using npm@3.10.3
3 info using node@v6.3.1
4 verbose publish [ '.' ]
5 silly cache add args [ '.', null ]
6 verbose cache add spec .
7 silly cache add parsed spec Result {
7 silly cache add   raw: '.',
7 silly cache add   scope: null,
7 silly cache add   escapedName: null,
7 silly cache add   name: null,
7 silly cache add   rawSpec: '.',
7 silly cache add   spec: '/home/cody/Code/vue-events',
7 silly cache add   type: 'directory' }
8 verbose addLocalDirectory /home/cody/.npm/vue-events/1.0.0/package.tgz not in flight; packing
9 verbose correctMkdir /home/cody/.npm correctMkdir not in flight; initializing
10 info lifecycle vue-events@1.0.0~prepublish: vue-events@1.0.0
11 verbose lifecycle vue-events@1.0.0~prepublish: unsafe-perm in lifecycle true
12 verbose lifecycle vue-events@1.0.0~prepublish: PATH: /usr/lib/node_modules/npm/bin/node-gyp-bin:/home/cody/Code/vue-events/node_modules/.bin:/usr/bin:/usr/local/sbin:/usr/local/bin:/usr/sbin:/usr/bin:/sbin:/bin:/usr/games:/usr/local/games:/snap/bin
13 verbose lifecycle vue-events@1.0.0~prepublish: CWD: /home/cody/Code/vue-events
14 silly lifecycle vue-events@1.0.0~prepublish: Args: [ '-c', 'npm run compile' ]
15 silly lifecycle vue-events@1.0.0~prepublish: Returned: code: 0  signal: null
16 verbose tar pack [ '/home/cody/.npm/vue-events/1.0.0/package.tgz',
16 verbose tar pack   '/home/cody/Code/vue-events' ]
17 verbose tarball /home/cody/.npm/vue-events/1.0.0/package.tgz
18 verbose folder /home/cody/Code/vue-events
19 verbose addLocalTarball adding from inside cache /home/cody/.npm/vue-events/1.0.0/package.tgz
20 verbose correctMkdir /home/cody/.npm correctMkdir not in flight; initializing
21 silly cache afterAdd vue-events@1.0.0
22 verbose afterAdd /home/cody/.npm/vue-events/1.0.0/package/package.json not in flight; writing
23 verbose correctMkdir /home/cody/.npm correctMkdir not in flight; initializing
24 verbose afterAdd /home/cody/.npm/vue-events/1.0.0/package/package.json written
25 silly publish { name: 'vue-events',
25 silly publish   version: '1.0.0',
25 silly publish   description: 'Easy event handling for Vue 2.0 applications.',
25 silly publish   main: 'dist/index.js',
25 silly publish   scripts:
25 silly publish    { compile: 'babel --presets=es2015 -d dist src',
25 silly publish      prepublish: 'npm run compile' },
25 silly publish   repository:
25 silly publish    { type: 'git',
25 silly publish      url: 'git+https://github.com/cklmercer/vue-events.git' },
25 silly publish   keywords: [ 'Vue', 'events', 'Vue', '2.0', 'bus' ],
25 silly publish   author: { name: 'Cody Mercer', email: 'me@codymercer.com' },
25 silly publish   license: 'MIT',
25 silly publish   bugs: { url: 'https://github.com/cklmercer/vue-events/issues' },
25 silly publish   homepage: 'https://github.com/cklmercer/vue-events#readme',
25 silly publish   devDependencies: { 'babel-cli': '^6.10.1', 'babel-preset-es2015': '^6.9.0' },
25 silly publish   readme: '# vue-events\n\nA [Vue.js](http://vuejs.org) plugin that provides a global event bus and a couple helper methods.\n\nWorks with both `Vue 1.0` & `Vue 2.0`\n\n## Installation\n\n##### 1.) Install package via NPM\n\n```\n$ npm install vue-events\n```\n\n##### 2.) Install plugin within project.\n```\nimport Vue from \'vue\';\nimport VueEvents from \'vue-events\';\n\nVue.use(VueEvents)\n```\n\nor\n\n```\nwindow.Vue = require(\'vue\');\nrequire(\'vue-events\');\n```\n\n## Usage\n\n#### The `$events` prototype object.\nThis plugin extends `Vue.prototype` to include a new `$events` object. The `$events` object is a simple Vue model which\nincludes couple aliases for the `vm.$emit` & `vm.$on` methods.\n\n#### Firing an event\nThere are 3 methods that fire events. They\'re functionally identical and only differ in name.\n```\nnew Vue({\n\n    data() {\n        return {\n            eventData: {\n                foo: \'baz\'\n            }\n        }\n    },\n    \n    mounted() {\n        // Option #1\n        this.$events.fire(\'testEvent\', this.eventData);\n        \n        // Option #2\n        this.$events.emit(\'testEvent\', this.eventData);\n        \n        // Option #3\n        this.$events.$emit(\'testEvent\', this.eventData);\n    }\n    \n})\n```\n\n_Note: `$events.fire` and `$events.emit` are aliases for `$events.$emit`._\n\n#### Listening for an event\nThere are 3 methods that register event listeners. They\'re functionally identical and only differ in name.\n```\nnew Vue({\n\n    mounted() {\n        // Option #1\n        this.$events.listen(\'testEvent\', eventData => console.log(eventData));\n        \n        // Option #1\n        this.$events.on(\'testEvent\', eventData => console.log(eventData));\n        \n        // Option #3\n        this.$events.$on(\'testEvent\', eventData => console.log(eventData));\n    }\n    \n})\n```\n\n_Note: `$events.listen` and `$events.on` are aliases for `$events.$on`._\n\n## Demo\nIf you\'d like to demo `vue-events` try [vue-stack-2.0](https://github.com/cklmercer/vue-stack-2.0)\n\n## License\n\n[MIT](http://opensource.org/licenses/MIT)\n',
25 silly publish   readmeFilename: 'README.md',
25 silly publish   gitHead: '5edf32f354b4b4a5ee1ab12f0891869b09d15770',
25 silly publish   _id: 'vue-events@1.0.0',
25 silly publish   _shasum: 'ecb892b54645800168d641cbde9b31c69ab5dd93',
25 silly publish   _from: '.' }
26 verbose getPublishConfig undefined
27 silly mapToRegistry name vue-events
28 silly mapToRegistry using default registry
29 silly mapToRegistry registry https://registry.npmjs.org/
30 silly mapToRegistry data Result {
30 silly mapToRegistry   raw: 'vue-events',
30 silly mapToRegistry   scope: null,
30 silly mapToRegistry   escapedName: 'vue-events',
30 silly mapToRegistry   name: 'vue-events',
30 silly mapToRegistry   rawSpec: '',
30 silly mapToRegistry   spec: 'latest',
30 silly mapToRegistry   type: 'tag' }
31 silly mapToRegistry uri https://registry.npmjs.org/vue-events
32 verbose publish registryBase https://registry.npmjs.org/
33 silly publish uploading /home/cody/.npm/vue-events/1.0.0/package.tgz
34 verbose request uri https://registry.npmjs.org/vue-events
35 verbose request sending authorization for write operation
36 info attempt registry request try #1 at 10:43:25 AM
37 verbose request using bearer token for auth
38 verbose request id 1e66487238905146
39 http request PUT https://registry.npmjs.org/vue-events
40 http 403 https://registry.npmjs.org/vue-events
41 verbose headers { 'content-type': 'application/json',
41 verbose headers   'cache-control': 'max-age=300',
41 verbose headers   'content-length': '95',
41 verbose headers   'accept-ranges': 'bytes',
41 verbose headers   date: 'Mon, 15 Aug 2016 15:43:26 GMT',
41 verbose headers   via: '1.1 varnish',
41 verbose headers   connection: 'keep-alive',
41 verbose headers   'x-served-by': 'cache-atl6223-ATL',
41 verbose headers   'x-cache': 'MISS',
41 verbose headers   'x-cache-hits': '0',
41 verbose headers   'x-timer': 'S1471275806.175978,VS0,VE722',
41 verbose headers   vary: 'Accept-Encoding' }
42 verbose request invalidating /home/cody/.npm/registry.npmjs.org/vue-events on PUT
43 error publish Failed PUT 403
44 verbose stack Error: "You cannot publish over the previously published version 1.0.0." : vue-events
44 verbose stack     at makeError (/usr/lib/node_modules/npm/node_modules/npm-registry-client/lib/request.js:264:12)
44 verbose stack     at CachingRegistryClient.<anonymous> (/usr/lib/node_modules/npm/node_modules/npm-registry-client/lib/request.js:252:14)
44 verbose stack     at Request._callback (/usr/lib/node_modules/npm/node_modules/npm-registry-client/lib/request.js:172:14)
44 verbose stack     at Request.self.callback (/usr/lib/node_modules/npm/node_modules/request/request.js:200:22)
44 verbose stack     at emitTwo (events.js:106:13)
44 verbose stack     at Request.emit (events.js:191:7)
44 verbose stack     at Request.<anonymous> (/usr/lib/node_modules/npm/node_modules/request/request.js:1067:10)
44 verbose stack     at emitOne (events.js:101:20)
44 verbose stack     at Request.emit (events.js:188:7)
44 verbose stack     at IncomingMessage.<anonymous> (/usr/lib/node_modules/npm/node_modules/request/request.js:988:12)
45 verbose statusCode 403
46 verbose pkgid vue-events
47 verbose cwd /home/cody/Code/vue-events
48 error Linux 4.4.0-34-generic
49 error argv "/usr/bin/nodejs" "/usr/bin/npm" "publish" "--tag=latest"
50 error node v6.3.1
51 error npm  v3.10.3
52 error code E403
53 error "You cannot publish over the previously published version 1.0.0." : vue-events
54 error If you need help, you may report this error at:
54 error     <https://github.com/npm/npm/issues>
55 verbose exit [ 1, true ]
